2023-01-31 16:31:31.629 | DEBUG    | hcaptcha_challenger._solutions.kernel:_request_asset:320 - Downloading objects.yaml from https://raw.githubusercontent.com/QIN2DIM/hcaptcha-challenger/main/src/objects.yaml
2023-01-31 16:31:31.768 | DEBUG    | hcaptcha_challenger._solutions.kernel:request_assets:148 - Pulling AssetsObject from https://api.github.com/repos/QIN2DIM/hcaptcha-challenger/releases
2023-01-31 16:31:31.850 | ERROR    | hcaptcha_challenger._solutions.kernel:request_assets:157 - 0
2023-01-31 16:31:32.199 | DEBUG    | hcaptcha_challenger._solutions.kernel:request_assets:148 - Pulling AssetsObject from https://api.github.com/repos/QIN2DIM/hcaptcha-challenger/releases
2023-01-31 16:31:32.281 | ERROR    | hcaptcha_challenger._solutions.kernel:request_assets:157 - 0
2023-01-31 16:31:33.838 | DEBUG    | hcaptcha_challenger._solutions.kernel:request_assets:148 - Pulling AssetsObject from https://api.github.com/repos/QIN2DIM/hcaptcha-challenger/releases
2023-01-31 16:31:33.921 | ERROR    | hcaptcha_challenger._solutions.kernel:request_assets:157 - 0
2023-01-31 16:31:33.931 | INFO     | services.deploy:job_loop_claim:104 - >> STARTUP [AwesomeScheduler] SynergyTunnel - version=0.4.4-dev Pattern=False
2023-01-31 16:31:34.960 | INFO     | services.bricklayer.core:refresh_ctx_cookies:691 - >> MATCH [__context__] 🎮启动挑战者上下文
2023-01-31 16:31:35.011 | INFO     | services.bricklayer.core:login:491 - >> MATCH [CookieManager] 刷新令牌
2023-01-31 16:31:46.225 | INFO     | services.bricklayer.core:login:526 - >> MATCH [CookieManager] 实体信息注入完毕
2023-01-31 16:31:46.225 | INFO     | services.bricklayer.core:fall_in_captcha_login:36 - >> ARMOR [ArmorUtils] 正在检测隐藏在登录界面的人机挑战...
2023-01-31 16:31:48.442 | DEBUG    | hcaptcha_challenger.core:log:317 - >> Challenge [ArmorCaptcha] Get label - label=「雏菊」
2023-01-31 16:31:48.442 | DEBUG    | hcaptcha_challenger.core:log:317 - >> Challenge [ArmorCaptcha] 正在编排索引
2023-01-31 16:31:49.011 | DEBUG    | hcaptcha_challenger.core:log:317 - >> Challenge [ArmorCaptcha] 正在下载挑战图片
2023-01-31 16:31:50.037 | DEBUG    | hcaptcha_challenger.core:log:317 - >> Challenge [ArmorCaptcha] Download challenge images - timeit=1.03s
2023-01-31 16:31:50.039 | DEBUG    | hcaptcha_challenger._solutions.kernel:request_assets:148 - Pulling AssetsObject from https://api.github.com/repos/QIN2DIM/hcaptcha-challenger/releases
2023-01-31 16:31:50.136 | ERROR    | hcaptcha_challenger._solutions.kernel:request_assets:157 - 0
2023-01-31 16:31:50.277 | ERROR    | services.scaffold:claim:138 - An error has been caught in function 'claim', process 'MainProcess' (1837), thread 'MainThread' (140228589665344):
Traceback (most recent call last):
  File "/home/runner/work/free/free/epic/src/main.py", line 11, in <module>
    Fire(Scaffold)
  File "/opt/hostedtoolcache/Python/3.10.9/x64/lib/python3.10/site-packages/fire/core.py", line 141, in Fire
    component_trace = _Fire(component, args, parsed_flag_args, context, name)
  File "/opt/hostedtoolcache/Python/3.10.9/x64/lib/python3.10/site-packages/fire/core.py", line 466, in _Fire
    component, remaining_args = _CallAndUpdateTrace(
  File "/opt/hostedtoolcache/Python/3.10.9/x64/lib/python3.10/site-packages/fire/core.py", line 681, in _CallAndUpdateTrace
    component = fn(*varargs, **kwargs)
> File "/home/runner/work/free/free/epic/src/services/scaffold.py", line 138, in claim
    claimer.run(silence=silence, log_ignore=ignore, unreal=unreal)
  File "/home/runner/work/free/free/epic/src/apis/scaffold/claimer.py", line 26, in run
    ClaimerScheduler(silence=silence, unreal=unreal).job_loop_claim(log_ignore)
  File "/home/runner/work/free/free/epic/src/services/deploy.py", line 112, in job_loop_claim
    claimer.just_do_it()
  File "/home/runner/work/free/free/epic/src/services/deploy.py", line 309, in just_do_it
    fire(
  File "/home/runner/work/free/free/epic/src/services/utils/toolbox.py", line 84, in fire
    container(context)
  File "/home/runner/work/free/free/epic/src/services/bricklayer/core.py", line 708, in refresh_ctx_cookies
    resp = self.armor.anti_hcaptcha(page, window="login", recur_url=recur_url)
  File "/home/runner/work/free/free/epic/src/services/bricklayer/core.py", line 267, in anti_hcaptcha
    self.challenge(frame_challenge, model=model)
  File "/home/runner/work/free/free/epic/src/services/bricklayer/core.py", line 125, in challenge
    result = model.solution(img_stream=data, label=self.label_alias[self.label])
  File "/opt/hostedtoolcache/Python/3.10.9/x64/lib/python3.10/site-packages/hcaptcha_challenger/_solutions/resnet.py", line 63, in solution
    return self.classifier(img_stream, feature_filters=None)
  File "/opt/hostedtoolcache/Python/3.10.9/x64/lib/python3.10/site-packages/hcaptcha_challenger/_solutions/resnet.py", line 54, in classifier
    raise ResourceWarning(_err_prompt)  # maybe mercy
ResourceWarning: 
            The remote network does not exist or the local cache has expired.
            1. Check objects.yaml for typos | model=daisy.onnx;
            2. Restart the program after deleting the local cache | dir=datas/models/_assets;
            
2023-01-31 16:38:15.286 | INFO     | services.deploy:job_loop_claim:104 - >> STARTUP [AwesomeScheduler] SynergyTunnel - version=0.4.4-dev Pattern=False
2023-01-31 16:38:16.693 | INFO     | services.bricklayer.core:refresh_ctx_cookies:691 - >> MATCH [__context__] 🎮启动挑战者上下文
2023-01-31 16:38:16.741 | INFO     | services.bricklayer.core:login:491 - >> MATCH [CookieManager] 刷新令牌
2023-01-31 16:38:30.917 | INFO     | services.bricklayer.core:login:526 - >> MATCH [CookieManager] 实体信息注入完毕
2023-01-31 16:38:30.917 | INFO     | services.bricklayer.core:fall_in_captcha_login:36 - >> ARMOR [ArmorUtils] 正在检测隐藏在登录界面的人机挑战...
2023-01-31 16:38:33.183 | DEBUG    | hcaptcha_challenger.core:log:317 - >> Challenge [ArmorCaptcha] Get label - label=「雏菊」
2023-01-31 16:38:33.184 | DEBUG    | hcaptcha_challenger.core:log:317 - >> Challenge [ArmorCaptcha] 正在编排索引
2023-01-31 16:38:33.658 | DEBUG    | hcaptcha_challenger.core:log:317 - >> Challenge [ArmorCaptcha] 正在下载挑战图片
2023-01-31 16:38:35.048 | DEBUG    | hcaptcha_challenger.core:log:317 - >> Challenge [ArmorCaptcha] Download challenge images - timeit=1.39s
2023-01-31 16:38:35.050 | DEBUG    | hcaptcha_challenger._solutions.kernel:_request_asset:320 - Downloading daisy.onnx from https://github.com/QIN2DIM/hcaptcha-challenger/releases/download/model/daisy.onnx
2023-01-31 16:38:37.220 | DEBUG    | hcaptcha_challenger.core:log:317 - >> Challenge [ArmorCaptcha] Submit the challenge - daisy(ResNet)_model: 0.94s
2023-01-31 16:38:37.231 | DEBUG    | hcaptcha_challenger.core:log:317 - >> Challenge [ArmorCaptcha] 获取响应 - desc=继续挑战(continue)
2023-01-31 16:38:39.251 | DEBUG    | hcaptcha_challenger.core:log:317 - >> Challenge [ArmorCaptcha] Get label - label=「雏菊」
2023-01-31 16:38:39.252 | DEBUG    | hcaptcha_challenger.core:log:317 - >> Challenge [ArmorCaptcha] 正在编排索引
2023-01-31 16:38:39.777 | DEBUG    | hcaptcha_challenger.core:log:317 - >> Challenge [ArmorCaptcha] 正在下载挑战图片
2023-01-31 16:38:41.075 | DEBUG    | hcaptcha_challenger.core:log:317 - >> Challenge [ArmorCaptcha] Download challenge images - timeit=1.3s
2023-01-31 16:38:42.661 | DEBUG    | hcaptcha_challenger.core:log:317 - >> Challenge [ArmorCaptcha] Submit the challenge - daisy(ResNet)_model: 0.07s
2023-01-31 16:38:42.675 | DEBUG    | hcaptcha_challenger.core:log:317 - >> Challenge [ArmorCaptcha] Checkout - status=再试一次
2023-01-31 16:38:42.675 | DEBUG    | hcaptcha_challenger.core:log:317 - >> Challenge [ArmorCaptcha] 获取响应 - desc=继续挑战(continue)
2023-01-31 16:38:44.679 | INFO     | services.bricklayer.core:login:491 - >> MATCH [CookieManager] 刷新令牌
2023-01-31 16:38:56.483 | INFO     | services.bricklayer.core:login:526 - >> MATCH [CookieManager] 实体信息注入完毕
2023-01-31 16:38:56.484 | INFO     | services.bricklayer.core:fall_in_captcha_login:36 - >> ARMOR [ArmorUtils] 正在检测隐藏在登录界面的人机挑战...
2023-01-31 16:38:58.602 | DEBUG    | hcaptcha_challenger.core:log:317 - >> Challenge [ArmorCaptcha] Get label - label=「海獭」
2023-01-31 16:38:58.603 | DEBUG    | hcaptcha_challenger.core:log:317 - >> Challenge [ArmorCaptcha] 正在编排索引
2023-01-31 16:38:58.976 | DEBUG    | hcaptcha_challenger.core:log:317 - >> Challenge [ArmorCaptcha] 正在下载挑战图片
2023-01-31 16:39:00.280 | DEBUG    | hcaptcha_challenger.core:log:317 - >> Challenge [ArmorCaptcha] Download challenge images - timeit=1.3s
2023-01-31 16:39:00.349 | DEBUG    | hcaptcha_challenger._solutions.kernel:_request_asset:320 - Downloading sea_otter.onnx from https://github.com/QIN2DIM/hcaptcha-challenger/releases/download/model/sea_otter.onnx
2023-01-31 16:39:02.924 | DEBUG    | hcaptcha_challenger.core:log:317 - >> Challenge [ArmorCaptcha] Submit the challenge - sea_otter(ResNet)_model: 0.88s
2023-01-31 16:39:02.934 | DEBUG    | hcaptcha_challenger.core:log:317 - >> Challenge [ArmorCaptcha] 获取响应 - desc=继续挑战(continue)
2023-01-31 16:39:04.949 | DEBUG    | hcaptcha_challenger.core:log:317 - >> Challenge [ArmorCaptcha] Get label - label=「海獭」
2023-01-31 16:39:04.949 | DEBUG    | hcaptcha_challenger.core:log:317 - >> Challenge [ArmorCaptcha] 正在编排索引
2023-01-31 16:39:05.352 | DEBUG    | hcaptcha_challenger.core:log:317 - >> Challenge [ArmorCaptcha] 正在下载挑战图片
2023-01-31 16:39:06.680 | DEBUG    | hcaptcha_challenger.core:log:317 - >> Challenge [ArmorCaptcha] Download challenge images - timeit=1.33s
2023-01-31 16:39:08.757 | DEBUG    | hcaptcha_challenger.core:log:317 - >> Challenge [ArmorCaptcha] Submit the challenge - sea_otter(ResNet)_model: 0.35s
2023-01-31 16:39:08.772 | DEBUG    | hcaptcha_challenger.core:log:317 - >> Challenge [ArmorCaptcha] Checkout - status=再试一次
2023-01-31 16:39:08.772 | DEBUG    | hcaptcha_challenger.core:log:317 - >> Challenge [ArmorCaptcha] 获取响应 - desc=继续挑战(continue)
2023-01-31 16:39:10.776 | INFO     | services.bricklayer.core:login:491 - >> MATCH [CookieManager] 刷新令牌
2023-01-31 16:39:22.426 | INFO     | services.bricklayer.core:login:526 - >> MATCH [CookieManager] 实体信息注入完毕
2023-01-31 16:39:22.426 | INFO     | services.bricklayer.core:fall_in_captcha_login:36 - >> ARMOR [ArmorUtils] 正在检测隐藏在登录界面的人机挑战...
2023-01-31 16:39:24.579 | DEBUG    | hcaptcha_challenger.core:log:317 - >> Challenge [ArmorCaptcha] Get label - label=「雏菊」
2023-01-31 16:39:24.579 | DEBUG    | hcaptcha_challenger.core:log:317 - >> Challenge [ArmorCaptcha] 正在编排索引
2023-01-31 16:39:24.941 | DEBUG    | hcaptcha_challenger.core:log:317 - >> Challenge [ArmorCaptcha] 正在下载挑战图片
2023-01-31 16:39:26.243 | DEBUG    | hcaptcha_challenger.core:log:317 - >> Challenge [ArmorCaptcha] Download challenge images - timeit=1.3s
2023-01-31 16:39:27.473 | DEBUG    | hcaptcha_challenger.core:log:317 - >> Challenge [ArmorCaptcha] Submit the challenge - daisy(ResNet)_model: 0.01s
2023-01-31 16:39:27.481 | DEBUG    | hcaptcha_challenger.core:log:317 - >> Challenge [ArmorCaptcha] 获取响应 - desc=继续挑战(continue)
2023-01-31 16:39:29.496 | DEBUG    | hcaptcha_challenger.core:log:317 - >> Challenge [ArmorCaptcha] Get label - label=「雏菊」
2023-01-31 16:39:29.496 | DEBUG    | hcaptcha_challenger.core:log:317 - >> Challenge [ArmorCaptcha] 正在编排索引
2023-01-31 16:39:29.853 | DEBUG    | hcaptcha_challenger.core:log:317 - >> Challenge [ArmorCaptcha] 正在下载挑战图片
2023-01-31 16:39:31.188 | DEBUG    | hcaptcha_challenger.core:log:317 - >> Challenge [ArmorCaptcha] Download challenge images - timeit=1.33s
2023-01-31 16:39:33.239 | DEBUG    | hcaptcha_challenger.core:log:317 - >> Challenge [ArmorCaptcha] Submit the challenge - daisy(ResNet)_model: 0.21s
2023-01-31 16:39:33.254 | DEBUG    | hcaptcha_challenger.core:log:317 - >> Challenge [ArmorCaptcha] Checkout - status=再试一次
2023-01-31 16:39:33.255 | DEBUG    | hcaptcha_challenger.core:log:317 - >> Challenge [ArmorCaptcha] 获取响应 - desc=继续挑战(continue)
2023-01-31 16:39:35.257 | INFO     | services.bricklayer.core:login:491 - >> MATCH [CookieManager] 刷新令牌
2023-01-31 16:39:46.466 | INFO     | services.bricklayer.core:login:526 - >> MATCH [CookieManager] 实体信息注入完毕
2023-01-31 16:39:46.466 | INFO     | services.bricklayer.core:fall_in_captcha_login:36 - >> ARMOR [ArmorUtils] 正在检测隐藏在登录界面的人机挑战...
2023-01-31 16:39:48.584 | DEBUG    | hcaptcha_challenger.core:log:317 - >> Challenge [ArmorCaptcha] Get label - label=「森林」
2023-01-31 16:39:48.584 | DEBUG    | hcaptcha_challenger.core:log:317 - >> Challenge [ArmorCaptcha] 正在编排索引
2023-01-31 16:39:48.901 | DEBUG    | hcaptcha_challenger.core:log:317 - >> Challenge [ArmorCaptcha] 正在下载挑战图片
2023-01-31 16:39:50.213 | DEBUG    | hcaptcha_challenger.core:log:317 - >> Challenge [ArmorCaptcha] Download challenge images - timeit=1.31s
2023-01-31 16:39:50.404 | INFO     | services.bricklayer.core:login:491 - >> MATCH [CookieManager] 刷新令牌
2023-01-31 16:40:01.778 | INFO     | services.bricklayer.core:login:526 - >> MATCH [CookieManager] 实体信息注入完毕
2023-01-31 16:40:01.778 | INFO     | services.bricklayer.core:fall_in_captcha_login:36 - >> ARMOR [ArmorUtils] 正在检测隐藏在登录界面的人机挑战...
2023-01-31 16:40:03.915 | DEBUG    | hcaptcha_challenger.core:log:317 - >> Challenge [ArmorCaptcha] Get label - label=「海獭」
2023-01-31 16:40:03.915 | DEBUG    | hcaptcha_challenger.core:log:317 - >> Challenge [ArmorCaptcha] 正在编排索引
2023-01-31 16:40:04.251 | DEBUG    | hcaptcha_challenger.core:log:317 - >> Challenge [ArmorCaptcha] 正在下载挑战图片
2023-01-31 16:40:05.554 | DEBUG    | hcaptcha_challenger.core:log:317 - >> Challenge [ArmorCaptcha] Download challenge images - timeit=1.3s
2023-01-31 16:40:07.172 | DEBUG    | hcaptcha_challenger.core:log:317 - >> Challenge [ArmorCaptcha] Submit the challenge - sea_otter(ResNet)_model: 0.4s
2023-01-31 16:40:07.181 | DEBUG    | hcaptcha_challenger.core:log:317 - >> Challenge [ArmorCaptcha] 获取响应 - desc=继续挑战(continue)
2023-01-31 16:40:09.196 | DEBUG    | hcaptcha_challenger.core:log:317 - >> Challenge [ArmorCaptcha] Get label - label=「海獭」
2023-01-31 16:40:09.196 | DEBUG    | hcaptcha_challenger.core:log:317 - >> Challenge [ArmorCaptcha] 正在编排索引
2023-01-31 16:40:09.567 | DEBUG    | hcaptcha_challenger.core:log:317 - >> Challenge [ArmorCaptcha] 正在下载挑战图片
2023-01-31 16:40:11.907 | DEBUG    | hcaptcha_challenger.core:log:317 - >> Challenge [ArmorCaptcha] Download challenge images - timeit=2.34s
2023-01-31 16:40:13.971 | DEBUG    | hcaptcha_challenger.core:log:317 - >> Challenge [ArmorCaptcha] Submit the challenge - sea_otter(ResNet)_model: 0.21s
2023-01-31 16:40:13.988 | DEBUG    | hcaptcha_challenger.core:log:317 - >> Challenge [ArmorCaptcha] Checkout - status=再试一次
2023-01-31 16:40:13.988 | DEBUG    | hcaptcha_challenger.core:log:317 - >> Challenge [ArmorCaptcha] 获取响应 - desc=继续挑战(continue)
2023-01-31 16:40:15.991 | INFO     | services.bricklayer.core:login:491 - >> MATCH [CookieManager] 刷新令牌
2023-01-31 16:40:27.220 | INFO     | services.bricklayer.core:login:526 - >> MATCH [CookieManager] 实体信息注入完毕
2023-01-31 16:40:27.220 | INFO     | services.bricklayer.core:fall_in_captcha_login:36 - >> ARMOR [ArmorUtils] 正在检测隐藏在登录界面的人机挑战...
2023-01-31 16:40:29.329 | DEBUG    | hcaptcha_challenger.core:log:317 - >> Challenge [ArmorCaptcha] Get label - label=「海獭」
2023-01-31 16:40:29.329 | DEBUG    | hcaptcha_challenger.core:log:317 - >> Challenge [ArmorCaptcha] 正在编排索引
2023-01-31 16:40:29.645 | DEBUG    | hcaptcha_challenger.core:log:317 - >> Challenge [ArmorCaptcha] 正在下载挑战图片
2023-01-31 16:40:30.947 | DEBUG    | hcaptcha_challenger.core:log:317 - >> Challenge [ArmorCaptcha] Download challenge images - timeit=1.3s
2023-01-31 16:40:33.301 | DEBUG    | hcaptcha_challenger.core:log:317 - >> Challenge [ArmorCaptcha] Submit the challenge - sea_otter(ResNet)_model: 0.48s
2023-01-31 16:40:33.311 | DEBUG    | hcaptcha_challenger.core:log:317 - >> Challenge [ArmorCaptcha] 获取响应 - desc=继续挑战(continue)
2023-01-31 16:40:35.326 | DEBUG    | hcaptcha_challenger.core:log:317 - >> Challenge [ArmorCaptcha] Get label - label=「海獭」
2023-01-31 16:40:35.326 | DEBUG    | hcaptcha_challenger.core:log:317 - >> Challenge [ArmorCaptcha] 正在编排索引
2023-01-31 16:40:35.646 | DEBUG    | hcaptcha_challenger.core:log:317 - >> Challenge [ArmorCaptcha] 正在下载挑战图片
2023-01-31 16:40:36.952 | DEBUG    | hcaptcha_challenger.core:log:317 - >> Challenge [ArmorCaptcha] Download challenge images - timeit=1.31s
2023-01-31 16:40:38.837 | DEBUG    | hcaptcha_challenger.core:log:317 - >> Challenge [ArmorCaptcha] Submit the challenge - sea_otter(ResNet)_model: 0.27s
2023-01-31 16:40:38.855 | DEBUG    | hcaptcha_challenger.core:log:317 - >> Challenge [ArmorCaptcha] Checkout - status=再试一次
2023-01-31 16:40:38.856 | DEBUG    | hcaptcha_challenger.core:log:317 - >> Challenge [ArmorCaptcha] 获取响应 - desc=继续挑战(continue)
2023-01-31 16:40:40.859 | INFO     | services.bricklayer.core:login:491 - >> MATCH [CookieManager] 刷新令牌
2023-01-31 16:40:52.301 | INFO     | services.bricklayer.core:login:526 - >> MATCH [CookieManager] 实体信息注入完毕
2023-01-31 16:40:52.301 | INFO     | services.bricklayer.core:fall_in_captcha_login:36 - >> ARMOR [ArmorUtils] 正在检测隐藏在登录界面的人机挑战...
2023-01-31 16:40:54.448 | DEBUG    | hcaptcha_challenger.core:log:317 - >> Challenge [ArmorCaptcha] Get label - label=「海獭」
2023-01-31 16:40:54.448 | DEBUG    | hcaptcha_challenger.core:log:317 - >> Challenge [ArmorCaptcha] 正在编排索引
2023-01-31 16:40:54.831 | DEBUG    | hcaptcha_challenger.core:log:317 - >> Challenge [ArmorCaptcha] 正在下载挑战图片
2023-01-31 16:40:56.145 | DEBUG    | hcaptcha_challenger.core:log:317 - >> Challenge [ArmorCaptcha] Download challenge images - timeit=1.31s
2023-01-31 16:40:58.253 | DEBUG    | hcaptcha_challenger.core:log:317 - >> Challenge [ArmorCaptcha] Submit the challenge - sea_otter(ResNet)_model: 0.34s
2023-01-31 16:40:58.261 | DEBUG    | hcaptcha_challenger.core:log:317 - >> Challenge [ArmorCaptcha] 获取响应 - desc=继续挑战(continue)
2023-01-31 16:41:00.283 | DEBUG    | hcaptcha_challenger.core:log:317 - >> Challenge [ArmorCaptcha] Get label - label=「海獭」
2023-01-31 16:41:00.283 | DEBUG    | hcaptcha_challenger.core:log:317 - >> Challenge [ArmorCaptcha] 正在编排索引
2023-01-31 16:41:00.669 | DEBUG    | hcaptcha_challenger.core:log:317 - >> Challenge [ArmorCaptcha] 正在下载挑战图片
2023-01-31 16:41:01.972 | DEBUG    | hcaptcha_challenger.core:log:317 - >> Challenge [ArmorCaptcha] Download challenge images - timeit=1.3s
2023-01-31 16:41:03.885 | DEBUG    | hcaptcha_challenger.core:log:317 - >> Challenge [ArmorCaptcha] Submit the challenge - sea_otter(ResNet)_model: 0.21s
2023-01-31 16:41:03.900 | DEBUG    | hcaptcha_challenger.core:log:317 - >> Challenge [ArmorCaptcha] Checkout - status=再试一次
2023-01-31 16:41:03.901 | DEBUG    | hcaptcha_challenger.core:log:317 - >> Challenge [ArmorCaptcha] 获取响应 - desc=继续挑战(continue)
2023-01-31 16:41:05.903 | INFO     | services.bricklayer.core:login:491 - >> MATCH [CookieManager] 刷新令牌
2023-01-31 16:41:15.015 | INFO     | services.bricklayer.core:login:526 - >> MATCH [CookieManager] 实体信息注入完毕
2023-01-31 16:41:15.015 | INFO     | services.bricklayer.core:fall_in_captcha_login:36 - >> ARMOR [ArmorUtils] 正在检测隐藏在登录界面的人机挑战...
2023-01-31 16:41:17.117 | DEBUG    | hcaptcha_challenger.core:log:317 - >> Challenge [ArmorCaptcha] Get label - label=「海獭」
2023-01-31 16:41:17.117 | DEBUG    | hcaptcha_challenger.core:log:317 - >> Challenge [ArmorCaptcha] 正在编排索引
2023-01-31 16:41:17.465 | DEBUG    | hcaptcha_challenger.core:log:317 - >> Challenge [ArmorCaptcha] 正在下载挑战图片
2023-01-31 16:41:18.793 | DEBUG    | hcaptcha_challenger.core:log:317 - >> Challenge [ArmorCaptcha] Download challenge images - timeit=1.33s
2023-01-31 16:41:20.801 | DEBUG    | hcaptcha_challenger.core:log:317 - >> Challenge [ArmorCaptcha] Submit the challenge - sea_otter(ResNet)_model: 0.41s
2023-01-31 16:41:20.814 | DEBUG    | hcaptcha_challenger.core:log:317 - >> Challenge [ArmorCaptcha] 获取响应 - desc=继续挑战(continue)
2023-01-31 16:41:22.827 | DEBUG    | hcaptcha_challenger.core:log:317 - >> Challenge [ArmorCaptcha] Get label - label=「海獭」
2023-01-31 16:41:22.827 | DEBUG    | hcaptcha_challenger.core:log:317 - >> Challenge [ArmorCaptcha] 正在编排索引
2023-01-31 16:41:23.177 | DEBUG    | hcaptcha_challenger.core:log:317 - >> Challenge [ArmorCaptcha] 正在下载挑战图片
2023-01-31 16:41:24.495 | DEBUG    | hcaptcha_challenger.core:log:317 - >> Challenge [ArmorCaptcha] Download challenge images - timeit=1.32s
2023-01-31 16:41:26.422 | DEBUG    | hcaptcha_challenger.core:log:317 - >> Challenge [ArmorCaptcha] Submit the challenge - sea_otter(ResNet)_model: 0.47s
2023-01-31 16:41:26.438 | DEBUG    | hcaptcha_challenger.core:log:317 - >> Challenge [ArmorCaptcha] Checkout - status=再试一次
2023-01-31 16:41:26.439 | DEBUG    | hcaptcha_challenger.core:log:317 - >> Challenge [ArmorCaptcha] 获取响应 - desc=继续挑战(continue)
2023-01-31 16:41:28.441 | INFO     | services.bricklayer.core:login:491 - >> MATCH [CookieManager] 刷新令牌
2023-01-31 16:41:39.650 | INFO     | services.bricklayer.core:login:526 - >> MATCH [CookieManager] 实体信息注入完毕
2023-01-31 16:41:39.650 | INFO     | services.bricklayer.core:fall_in_captcha_login:36 - >> ARMOR [ArmorUtils] 正在检测隐藏在登录界面的人机挑战...
2023-01-31 16:41:41.758 | DEBUG    | hcaptcha_challenger.core:log:317 - >> Challenge [ArmorCaptcha] Get label - label=「海獭」
2023-01-31 16:41:41.758 | DEBUG    | hcaptcha_challenger.core:log:317 - >> Challenge [ArmorCaptcha] 正在编排索引
2023-01-31 16:41:42.161 | DEBUG    | hcaptcha_challenger.core:log:317 - >> Challenge [ArmorCaptcha] 正在下载挑战图片
2023-01-31 16:41:43.499 | DEBUG    | hcaptcha_challenger.core:log:317 - >> Challenge [ArmorCaptcha] Download challenge images - timeit=1.34s
2023-01-31 16:41:45.315 | DEBUG    | hcaptcha_challenger.core:log:317 - >> Challenge [ArmorCaptcha] Submit the challenge - sea_otter(ResNet)_model: 0.21s
2023-01-31 16:41:45.325 | DEBUG    | hcaptcha_challenger.core:log:317 - >> Challenge [ArmorCaptcha] 获取响应 - desc=继续挑战(continue)
2023-01-31 16:41:47.341 | DEBUG    | hcaptcha_challenger.core:log:317 - >> Challenge [ArmorCaptcha] Get label - label=「海獭」
2023-01-31 16:41:47.341 | DEBUG    | hcaptcha_challenger.core:log:317 - >> Challenge [ArmorCaptcha] 正在编排索引
2023-01-31 16:41:47.684 | DEBUG    | hcaptcha_challenger.core:log:317 - >> Challenge [ArmorCaptcha] 正在下载挑战图片
2023-01-31 16:41:49.000 | DEBUG    | hcaptcha_challenger.core:log:317 - >> Challenge [ArmorCaptcha] Download challenge images - timeit=1.32s
2023-01-31 16:41:50.917 | DEBUG    | hcaptcha_challenger.core:log:317 - >> Challenge [ArmorCaptcha] Submit the challenge - sea_otter(ResNet)_model: 0.47s
2023-01-31 16:41:50.933 | DEBUG    | hcaptcha_challenger.core:log:317 - >> Challenge [ArmorCaptcha] Checkout - status=再试一次
2023-01-31 16:41:50.933 | DEBUG    | hcaptcha_challenger.core:log:317 - >> Challenge [ArmorCaptcha] 获取响应 - desc=继续挑战(continue)
2023-01-31 16:41:52.935 | INFO     | services.bricklayer.core:login:491 - >> MATCH [CookieManager] 刷新令牌
2023-01-31 16:42:01.859 | INFO     | services.bricklayer.core:login:526 - >> MATCH [CookieManager] 实体信息注入完毕
2023-01-31 16:42:01.859 | INFO     | services.bricklayer.core:fall_in_captcha_login:36 - >> ARMOR [ArmorUtils] 正在检测隐藏在登录界面的人机挑战...
2023-01-31 16:42:03.978 | DEBUG    | hcaptcha_challenger.core:log:317 - >> Challenge [ArmorCaptcha] Get label - label=「森林」
2023-01-31 16:42:03.979 | DEBUG    | hcaptcha_challenger.core:log:317 - >> Challenge [ArmorCaptcha] 正在编排索引
2023-01-31 16:42:04.371 | DEBUG    | hcaptcha_challenger.core:log:317 - >> Challenge [ArmorCaptcha] 正在下载挑战图片
2023-01-31 16:42:05.717 | DEBUG    | hcaptcha_challenger.core:log:317 - >> Challenge [ArmorCaptcha] Download challenge images - timeit=1.35s
2023-01-31 16:42:05.880 | INFO     | services.bricklayer.core:login:491 - >> MATCH [CookieManager] 刷新令牌
2023-01-31 16:42:17.718 | INFO     | services.bricklayer.core:login:526 - >> MATCH [CookieManager] 实体信息注入完毕
2023-01-31 16:42:17.718 | INFO     | services.bricklayer.core:fall_in_captcha_login:36 - >> ARMOR [ArmorUtils] 正在检测隐藏在登录界面的人机挑战...
2023-01-31 16:42:19.865 | DEBUG    | hcaptcha_challenger.core:log:317 - >> Challenge [ArmorCaptcha] Get label - label=「森林」
2023-01-31 16:42:19.866 | DEBUG    | hcaptcha_challenger.core:log:317 - >> Challenge [ArmorCaptcha] 正在编排索引
2023-01-31 16:42:20.195 | DEBUG    | hcaptcha_challenger.core:log:317 - >> Challenge [ArmorCaptcha] 正在下载挑战图片
2023-01-31 16:42:21.508 | DEBUG    | hcaptcha_challenger.core:log:317 - >> Challenge [ArmorCaptcha] Download challenge images - timeit=1.31s
2023-01-31 16:42:21.696 | INFO     | services.bricklayer.core:login:491 - >> MATCH [CookieManager] 刷新令牌
2023-01-31 16:42:33.275 | INFO     | services.bricklayer.core:login:526 - >> MATCH [CookieManager] 实体信息注入完毕
2023-01-31 16:42:33.276 | INFO     | services.bricklayer.core:fall_in_captcha_login:36 - >> ARMOR [ArmorUtils] 正在检测隐藏在登录界面的人机挑战...
2023-01-31 16:42:35.421 | DEBUG    | hcaptcha_challenger.core:log:317 - >> Challenge [ArmorCaptcha] Get label - label=「雏菊」
2023-01-31 16:42:35.421 | DEBUG    | hcaptcha_challenger.core:log:317 - >> Challenge [ArmorCaptcha] 正在编排索引
2023-01-31 16:42:35.842 | DEBUG    | hcaptcha_challenger.core:log:317 - >> Challenge [ArmorCaptcha] 正在下载挑战图片
2023-01-31 16:42:37.165 | DEBUG    | hcaptcha_challenger.core:log:317 - >> Challenge [ArmorCaptcha] Download challenge images - timeit=1.32s
2023-01-31 16:42:38.884 | DEBUG    | hcaptcha_challenger.core:log:317 - >> Challenge [ArmorCaptcha] Submit the challenge - daisy(ResNet)_model: 0.07s
2023-01-31 16:42:38.893 | DEBUG    | hcaptcha_challenger.core:log:317 - >> Challenge [ArmorCaptcha] 获取响应 - desc=继续挑战(continue)
2023-01-31 16:42:40.908 | DEBUG    | hcaptcha_challenger.core:log:317 - >> Challenge [ArmorCaptcha] Get label - label=「雏菊」
2023-01-31 16:42:40.908 | DEBUG    | hcaptcha_challenger.core:log:317 - >> Challenge [ArmorCaptcha] 正在编排索引
2023-01-31 16:42:41.267 | DEBUG    | hcaptcha_challenger.core:log:317 - >> Challenge [ArmorCaptcha] 正在下载挑战图片
2023-01-31 16:42:42.563 | DEBUG    | hcaptcha_challenger.core:log:317 - >> Challenge [ArmorCaptcha] Download challenge images - timeit=1.3s
2023-01-31 16:42:44.150 | DEBUG    | hcaptcha_challenger.core:log:317 - >> Challenge [ArmorCaptcha] Submit the challenge - daisy(ResNet)_model: 0.08s
2023-01-31 16:42:44.166 | DEBUG    | hcaptcha_challenger.core:log:317 - >> Challenge [ArmorCaptcha] Checkout - status=再试一次
2023-01-31 16:42:44.166 | DEBUG    | hcaptcha_challenger.core:log:317 - >> Challenge [ArmorCaptcha] 获取响应 - desc=继续挑战(continue)
2023-01-31 16:42:46.168 | CRITICAL | services.bricklayer.core:refresh_ctx_cookies:717 - >> MISS [CookieManager] Identity token update failed
2023-01-31 16:42:51.700 | INFO     | services.bricklayer.core:load_ctx_cookies:659 - >> LOAD [CookieManager] Load context cookie
2023-01-31 16:42:51.700 | INFO     | services.explorer.explorer:get_oder_history:216 - 初始化订单数据
2023-01-31 16:42:52.057 | ERROR    | services.explorer.explorer:get_order_history:142 - Failed to get order history, cookie may have expired
Traceback (most recent call last):
  File "/home/runner/work/free/free/epic/src/main.py", line 11, in <module>
    Fire(Scaffold)
  File "/opt/hostedtoolcache/Python/3.10.9/x64/lib/python3.10/site-packages/fire/core.py", line 141, in Fire
    component_trace = _Fire(component, args, parsed_flag_args, context, name)
  File "/opt/hostedtoolcache/Python/3.10.9/x64/lib/python3.10/site-packages/fire/core.py", line 466, in _Fire
    component, remaining_args = _CallAndUpdateTrace(
  File "/opt/hostedtoolcache/Python/3.10.9/x64/lib/python3.10/site-packages/fire/core.py", line 681, in _CallAndUpdateTrace
    component = fn(*varargs, **kwargs)
  File "/home/runner/work/free/free/epic/src/services/scaffold.py", line 138, in claim
    claimer.run(silence=silence, log_ignore=ignore, unreal=unreal)
  File "/home/runner/work/free/free/epic/src/apis/scaffold/claimer.py", line 26, in run
    ClaimerScheduler(silence=silence, unreal=unreal).job_loop_claim(log_ignore)
  File "/home/runner/work/free/free/epic/src/services/deploy.py", line 112, in job_loop_claim
    claimer.just_do_it()
  File "/home/runner/work/free/free/epic/src/services/deploy.py", line 309, in just_do_it
    fire(
  File "/home/runner/work/free/free/epic/src/services/utils/toolbox.py", line 84, in fire
    container(context)
  File "/home/runner/work/free/free/epic/src/services/deploy.py", line 301, in run
    promotions = self.preload()
  File "/home/runner/work/free/free/epic/src/services/deploy.py", line 269, in preload
    self.ph.get_oder_history(ctx_cookies=self._ctx_cookies)
  File "/home/runner/work/free/free/epic/src/services/explorer/explorer.py", line 219, in get_oder_history
    if resp := explorer.get_order_history(ctx_cookies):
> File "/home/runner/work/free/free/epic/src/services/explorer/explorer.py", line 140, in get_order_history
    raise RequestException("Failed to get order history, cookie may have expired")
requests.exceptions.RequestException: Failed to get order history, cookie may have expired
2023-01-31 16:42:52.553 | DEBUG    | services.deploy:preload:286 - >> Checkout [GameClaimer] Adios - state=待认领 link=https://store.epicgames.com/zh-CN/p/adios-b378b4
2023-01-31 16:42:52.553 | DEBUG    | services.deploy:preload:286 - >> Checkout [GameClaimer] Hell is Others - state=待认领 link=https://store.epicgames.com/zh-CN/p/hell-is-others-789262
2023-01-31 16:42:55.962 | DEBUG    | services.bricklayer.game:purchase_status:113 - >> Checkout [GameClaimer] Adios - state=获取 link=https://store.epicgames.com/zh-CN/p/adios-b378b4
2023-01-31 16:42:56.729 | INFO     | services.bricklayer.game:get_free_game:152 - [🔖] 已激活商品页零元购订单
2023-01-31 16:42:56.747 | DEBUG    | services.bricklayer.core:cart_handle_payment:556 - [🛵] 处理购物订单...
2023-01-31 16:43:31.917 | ERROR    | services.scaffold:claim:138 - An error has been caught in function 'claim', process 'MainProcess' (1888), thread 'MainThread' (139832553868352):
Traceback (most recent call last):
  File "/home/runner/work/free/free/epic/src/main.py", line 11, in <module>
    Fire(Scaffold)
  File "/opt/hostedtoolcache/Python/3.10.9/x64/lib/python3.10/site-packages/fire/core.py", line 141, in Fire
    component_trace = _Fire(component, args, parsed_flag_args, context, name)
  File "/opt/hostedtoolcache/Python/3.10.9/x64/lib/python3.10/site-packages/fire/core.py", line 466, in _Fire
    component, remaining_args = _CallAndUpdateTrace(
  File "/opt/hostedtoolcache/Python/3.10.9/x64/lib/python3.10/site-packages/fire/core.py", line 681, in _CallAndUpdateTrace
    component = fn(*varargs, **kwargs)
> File "/home/runner/work/free/free/epic/src/services/scaffold.py", line 138, in claim
    claimer.run(silence=silence, log_ignore=ignore, unreal=unreal)
  File "/home/runner/work/free/free/epic/src/apis/scaffold/claimer.py", line 26, in run
    ClaimerScheduler(silence=silence, unreal=unreal).job_loop_claim(log_ignore)
  File "/home/runner/work/free/free/epic/src/services/deploy.py", line 112, in job_loop_claim
    claimer.just_do_it()
  File "/home/runner/work/free/free/epic/src/services/deploy.py", line 309, in just_do_it
    fire(
  File "/home/runner/work/free/free/epic/src/services/utils/toolbox.py", line 84, in fire
    container(context)
  File "/home/runner/work/free/free/epic/src/services/deploy.py", line 305, in run
    result = empower_games_claimer(self.bricklayer, promotion.url, page, pattern="get")
  File "/home/runner/work/free/free/epic/src/services/bricklayer/game.py", line 170, in empower_games_claimer
    return claimer.get_free_game(page_link=page_link, page=page, pattern=pattern)
  File "/home/runner/work/free/free/epic/src/services/bricklayer/game.py", line 157, in get_free_game
    self.cart_handle_payment(page)  # mode: get
  File "/home/runner/work/free/free/epic/src/services/bricklayer/core.py", line 557, in cart_handle_payment
    if self._click_order_button(page):  # cart_handle_payment
  File "/home/runner/work/free/free/epic/src/services/bricklayer/core.py", line 456, in _click_order_button
    payment_btn.click()
  File "/opt/hostedtoolcache/Python/3.10.9/x64/lib/python3.10/site-packages/playwright/sync_api/_generated.py", line 13519, in click
    self._sync(
  File "/opt/hostedtoolcache/Python/3.10.9/x64/lib/python3.10/site-packages/playwright/_impl/_sync_base.py", line 104, in _sync
    return task.result()
  File "/opt/hostedtoolcache/Python/3.10.9/x64/lib/python3.10/site-packages/playwright/_impl/_locator.py", line 149, in click
    return await self._frame.click(self._selector, strict=True, **params)
  File "/opt/hostedtoolcache/Python/3.10.9/x64/lib/python3.10/site-packages/playwright/_impl/_frame.py", line 484, in click
    await self._channel.send("click", locals_to_params(locals()))
  File "/opt/hostedtoolcache/Python/3.10.9/x64/lib/python3.10/site-packages/playwright/_impl/_connection.py", line 43, in send
    return await self._connection.wrap_api_call(
  File "/opt/hostedtoolcache/Python/3.10.9/x64/lib/python3.10/site-packages/playwright/_impl/_connection.py", line 396, in wrap_api_call
    return await cb()
  File "/opt/hostedtoolcache/Python/3.10.9/x64/lib/python3.10/site-packages/playwright/_impl/_connection.py", line 78, in inner_send
    result = next(iter(done)).result()
playwright._impl._api_types.TimeoutError: Timeout 30000ms exceeded.
=========================== logs ===========================
  waiting for frame "xpath=//div[@id='webPurchaseContainer']//iframe"
============================================================
